# JRE version: Java(TM) SE Runtime Environment (8.0_66-b17) (build 1.8.0_66-b17)
# Java VM: Java HotSpot(TM) 64-Bit Server VM (25.66-b17 mixed mode windows-amd64 compressed oops)
Heap:
 PSYoungGen      total 273920K, used 249344K [0x00000000d5580000, 0x00000000e8f80000, 0x0000000100000000)
  eden space 249344K, 100% used [0x00000000d5580000,0x00000000e4900000,0x00000000e4900000)
  from space 24576K, 0% used [0x00000000e6880000,0x00000000e6880000,0x00000000e8080000)
  to   space 32256K, 0% used [0x00000000e4900000,0x00000000e4900000,0x00000000e6880000)
 ParOldGen       total 185344K, used 184898K [0x0000000080000000, 0x000000008b500000, 0x00000000d5580000)
  object space 185344K, 99% used [0x0000000080000000,0x000000008b490978,0x000000008b500000)
 Metaspace       used 6657K, capacity 7320K, committed 7680K, reserved 1056768K
  class space    used 627K, capacity 656K, committed 768K, reserved 1048576K
GC Heap History (10 events):
Event: 74.628 GC heap after
Heap after GC invocations=24 (full 13):
 PSYoungGen      total 273920K, used 199128K [0x00000000d5580000, 0x00000000e8f80000, 0x0000000100000000)
  eden space 249344K, 79% used [0x00000000d5580000,0x00000000e17f60f8,0x00000000e4900000)
  from space 24576K, 0% used [0x00000000e6880000,0x00000000e6880000,0x00000000e8080000)
  to   space 32256K, 0% used [0x00000000e4900000,0x00000000e4900000,0x00000000e6880000)
 ParOldGen       total 185344K, used 184899K [0x0000000080000000, 0x000000008b500000, 0x00000000d5580000)
  object space 185344K, 99% used [0x0000000080000000,0x000000008b490fd8,0x000000008b500000)
 Metaspace       used 6657K, capacity 7320K, committed 7680K, reserved 1056768K
  class space    used 627K, capacity 656K, committed 768K, reserved 1048576K
}
Event: 74.950 GC heap before
{Heap before GC invocations=25 (full 14):
 PSYoungGen      total 273920K, used 249344K [0x00000000d5580000, 0x00000000e8f80000, 0x0000000100000000)
  eden space 249344K, 100% used [0x00000000d5580000,0x00000000e4900000,0x00000000e4900000)
  from space 24576K, 0% used [0x00000000e6880000,0x00000000e6880000,0x00000000e8080000)
  to   space 32256K, 0% used [0x00000000e4900000,0x00000000e4900000,0x00000000e6880000)
 ParOldGen       total 185344K, used 184899K [0x0000000080000000, 0x000000008b500000, 0x00000000d5580000)
  object space 185344K, 99% used [0x0000000080000000,0x000000008b490fd8,0x000000008b500000)
 Metaspace       used 6657K, capacity 7320K, committed 7680K, reserved 1056768K
  class space    used 627K, capacity 656K, committed 768K, reserved 1048576K
Event: 77.559 GC heap after
Heap after GC invocations=25 (full 14):
 PSYoungGen      total 273920K, used 207048K [0x00000000d5580000, 0x00000000e8f80000, 0x0000000100000000)
  eden space 249344K, 83% used [0x00000000d5580000,0x00000000e1fb20b0,0x00000000e4900000)
  from space 24576K, 0% used [0x00000000e6880000,0x00000000e6880000,0x00000000e8080000)
  to   space 32256K, 0% used [0x00000000e4900000,0x00000000e4900000,0x00000000e6880000)
 ParOldGen       total 185344K, used 184899K [0x0000000080000000, 0x000000008b500000, 0x00000000d5580000)
  object space 185344K, 99% used [0x0000000080000000,0x000000008b490cf8,0x000000008b500000)
 Metaspace       used 6657K, capacity 7320K, committed 7680K, reserved 1056768K
  class space    used 627K, capacity 656K, committed 768K, reserved 1048576K
}
Event: 77.801 GC heap before
{Heap before GC invocations=26 (full 15):
 PSYoungGen      total 273920K, used 249344K [0x00000000d5580000, 0x00000000e8f80000, 0x0000000100000000)
  eden space 249344K, 100% used [0x00000000d5580000,0x00000000e4900000,0x00000000e4900000)
  from space 24576K, 0% used [0x00000000e6880000,0x00000000e6880000,0x00000000e8080000)
  to   space 32256K, 0% used [0x00000000e4900000,0x00000000e4900000,0x00000000e6880000)
 ParOldGen       total 185344K, used 184899K [0x0000000080000000, 0x000000008b500000, 0x00000000d5580000)
  object space 185344K, 99% used [0x0000000080000000,0x000000008b490cf8,0x000000008b500000)
 Metaspace       used 6657K, capacity 7320K, committed 7680K, reserved 1056768K
  class space    used 627K, capacity 656K, committed 768K, reserved 1048576K
Event: 80.254 GC heap after
Heap after GC invocations=26 (full 15):
 PSYoungGen      total 273920K, used 213110K [0x00000000d5580000, 0x00000000e8f80000, 0x0000000100000000)
  eden space 249344K, 85% used [0x00000000d5580000,0x00000000e259d9a8,0x00000000e4900000)
  from space 24576K, 0% used [0x00000000e6880000,0x00000000e6880000,0x00000000e8080000)
  to   space 32256K, 0% used [0x00000000e4900000,0x00000000e4900000,0x00000000e6880000)
 ParOldGen       total 185344K, used 184898K [0x0000000080000000, 0x000000008b500000, 0x00000000d5580000)
  object space 185344K, 99% used [0x0000000080000000,0x000000008b490ad8,0x000000008b500000)
 Metaspace       used 6657K, capacity 7320K, committed 7680K, reserved 1056768K
  class space    used 627K, capacity 656K, committed 768K, reserved 1048576K
}
Event: 80.419 GC heap before
{Heap before GC invocations=27 (full 16):
 PSYoungGen      total 273920K, used 249344K [0x00000000d5580000, 0x00000000e8f80000, 0x0000000100000000)
  eden space 249344K, 100% used [0x00000000d5580000,0x00000000e4900000,0x00000000e4900000)
  from space 24576K, 0% used [0x00000000e6880000,0x00000000e6880000,0x00000000e8080000)
  to   space 32256K, 0% used [0x00000000e4900000,0x00000000e4900000,0x00000000e6880000)
 ParOldGen       total 185344K, used 184898K [0x0000000080000000, 0x000000008b500000, 0x00000000d5580000)
  object space 185344K, 99% used [0x0000000080000000,0x000000008b490ad8,0x000000008b500000)
 Metaspace       used 6657K, capacity 7320K, committed 7680K, reserved 1056768K
  class space    used 627K, capacity 656K, committed 768K, reserved 1048576K
Event: 82.485 GC heap after
Heap after GC invocations=27 (full 16):
 PSYoungGen      total 273920K, used 218451K [0x00000000d5580000, 0x00000000e8f80000, 0x0000000100000000)
  eden space 249344K, 87% used [0x00000000d5580000,0x00000000e2ad4e20,0x00000000e4900000)
  from space 24576K, 0% used [0x00000000e6880000,0x00000000e6880000,0x00000000e8080000)
  to   space 32256K, 0% used [0x00000000e4900000,0x00000000e4900000,0x00000000e6880000)
 ParOldGen       total 185344K, used 184898K [0x0000000080000000, 0x000000008b500000, 0x00000000d5580000)
  object space 185344K, 99% used [0x0000000080000000,0x000000008b490978,0x000000008b500000)
 Metaspace       used 6657K, capacity 7320K, committed 7680K, reserved 1056768K
  class space    used 627K, capacity 656K, committed 768K, reserved 1048576K
}
Event: 82.590 GC heap before
{Heap before GC invocations=28 (full 17):
 PSYoungGen      total 273920K, used 249344K [0x00000000d5580000, 0x00000000e8f80000, 0x0000000100000000)
  eden space 249344K, 100% used [0x00000000d5580000,0x00000000e4900000,0x00000000e4900000)
  from space 24576K, 0% used [0x00000000e6880000,0x00000000e6880000,0x00000000e8080000)
  to   space 32256K, 0% used [0x00000000e4900000,0x00000000e4900000,0x00000000e6880000)
 ParOldGen       total 185344K, used 184898K [0x0000000080000000, 0x000000008b500000, 0x00000000d5580000)
  object space 185344K, 99% used [0x0000000080000000,0x000000008b490978,0x000000008b500000)
 Metaspace       used 6657K, capacity 7320K, committed 7680K, reserved 1056768K
  class space    used 627K, capacity 656K, committed 768K, reserved 1048576K
Event: 84.340 GC heap after
Heap after GC invocations=28 (full 17):
 PSYoungGen      total 273920K, used 223370K [0x00000000d5580000, 0x00000000e8f80000, 0x0000000100000000)
  eden space 249344K, 89% used [0x00000000d5580000,0x00000000e2fa2908,0x00000000e4900000)
  from space 24576K, 0% used [0x00000000e6880000,0x00000000e6880000,0x00000000e8080000)
  to   space 32256K, 0% used [0x00000000e4900000,0x00000000e4900000,0x00000000e6880000)
 ParOldGen       total 185344K, used 184898K [0x0000000080000000, 0x000000008b500000, 0x00000000d5580000)
  object space 185344K, 99% used [0x0000000080000000,0x000000008b490978,0x000000008b500000)
 Metaspace       used 6657K, capacity 7320K, committed 7680K, reserved 1056768K
  class space    used 627K, capacity 656K, committed 768K, reserved 1048576K
}
Event: 84.452 GC heap before
{Heap before GC invocations=29 (full 18):
 PSYoungGen      total 273920K, used 249344K [0x00000000d5580000, 0x00000000e8f80000, 0x0000000100000000)
  eden space 249344K, 100% used [0x00000000d5580000,0x00000000e4900000,0x00000000e4900000)
  from space 24576K, 0% used [0x00000000e6880000,0x00000000e6880000,0x00000000e8080000)
  to   space 32256K, 0% used [0x00000000e4900000,0x00000000e4900000,0x00000000e6880000)
 ParOldGen       total 185344K, used 184898K [0x0000000080000000, 0x000000008b500000, 0x00000000d5580000)
  object space 185344K, 99% used [0x0000000080000000,0x000000008b490978,0x000000008b500000)
 Metaspace       used 6657K, capacity 7320K, committed 7680K, reserved 1056768K
  class space    used 627K, capacity 656K, committed 768K, reserved 1048576K

